<?xml version="1.0" encoding="UTF-8"?>
<testng-results skipped="0" failed="0" ignored="0" total="1" passed="1">
  <reporter-output>
  </reporter-output>
  <suite name="Default suite" duration-ms="16195" started-at="2021-04-22T14:06:34 IST" finished-at="2021-04-22T14:06:51 IST">
    <groups>
    </groups>
    <test name="Default test" duration-ms="16195" started-at="2021-04-22T14:06:34 IST" finished-at="2021-04-22T14:06:51 IST">
      <class name="swa.practo.AppTest">
        <test-method status="PASS" signature="demo()[pri:0, instance:swa.practo.AppTest@2bbf4b8b]" name="demo" duration-ms="16135" started-at="2021-04-22T14:06:34 IST" finished-at="2021-04-22T14:06:51 IST">
          <reporter-output>
          </reporter-output>
        </test-method> <!-- demo -->
      </class> <!-- swa.practo.AppTest -->
    </test> <!-- Default test -->
  </suite> <!-- Default suite -->
</testng-results>
