<?xml version="1.0" encoding="UTF-8"?>
<testng-results ignored="0" total="1" passed="1" failed="0" skipped="0">
  <reporter-output>
  </reporter-output>
  <suite started-at="2021-04-23T16:23:45 IST" name="Default suite" finished-at="2021-04-23T16:24:00 IST" duration-ms="14548">
    <groups>
    </groups>
    <test started-at="2021-04-23T16:23:45 IST" name="Default test" finished-at="2021-04-23T16:24:00 IST" duration-ms="14548">
      <class name="swa.practo.FindDoctorsNow">
        <test-method is-config="true" signature="launchBrowser()[pri:0, instance:swa.practo.FindDoctorsNow@4e096385]" started-at="2021-04-23T16:23:45 IST" name="launchBrowser" finished-at="2021-04-23T16:23:54 IST" duration-ms="8577" status="PASS">
          <reporter-output>
          </reporter-output>
        </test-method> <!-- launchBrowser -->
        <test-method signature="clickOnFindDoctorsNOw()[pri:0, instance:swa.practo.FindDoctorsNow@4e096385]" started-at="2021-04-23T16:23:54 IST" name="clickOnFindDoctorsNOw" finished-at="2021-04-23T16:24:00 IST" duration-ms="5841" status="PASS">
          <reporter-output>
          </reporter-output>
        </test-method> <!-- clickOnFindDoctorsNOw -->
      </class> <!-- swa.practo.FindDoctorsNow -->
    </test> <!-- Default test -->
  </suite> <!-- Default suite -->
</testng-results>
